app/build/outputs/logs/manifest-merger-debug-report.txt
-- Merging decision tree log ---
manifest
ADDED from src/main/AndroidManifest.xml:2:1-58:12
	package
		ADDED from src/main/AndroidManifest.xml:3:5-47
		INJECTED from src/main/AndroidManifest.xml
		INJECTED from src/main/AndroidManifest.xml
	android:versionName
		ADDED from src/main/AndroidManifest.xml:5:5-46
		INJECTED from src/main/AndroidManifest.xml
		INJECTED from src/main/AndroidManifest.xml
	android:versionCode
		ADDED from src/main/AndroidManifest.xml:4:5-29
		INJECTED from src/main/AndroidManifest.xml
		INJECTED from src/main/AndroidManifest.xml
	xmlns:android
		ADDED from src/main/AndroidManifest.xml:2:11-69
	android:installLocation
		ADDED from src/main/AndroidManifest.xml:6:5-35
uses-sdk
ADDED from src/main/AndroidManifest.xml:8:5-44
	android:targetSdkVersion
		INJECTED from src/main/AndroidManifest.xml
		INJECTED from src/main/AndroidManifest.xml
	android:minSdkVersion
		ADDED from src/main/AndroidManifest.xml:8:15-41
		INJECTED from src/main/AndroidManifest.xml
		INJECTED from src/main/AndroidManifest.xml
permission-group#android.permission-group.STORAGE
ADDED from src/main/AndroidManifest.xml:10:5-11:24
	android:name
		ADDED from src/main/AndroidManifest.xml:10:23-70
uses-permission#android.permission.WRITE_EXTERNAL_STORAGE
ADDED from src/main/AndroidManifest.xml:13:5-81
	android:name
		ADDED from src/main/AndroidManifest.xml:13:22-78
application
ADDED from src/main/AndroidManifest.xml:15:5-56:19
	android:label
		ADDED from src/main/AndroidManifest.xml:18:9-41
	android:icon
		ADDED from src/main/AndroidManifest.xml:17:9-38
	android:name
		ADDED from src/main/AndroidManifest.xml:16:9-40
activity#net.appositedesigns.fileexplorer.activity.FileListActivity
ADDED from src/main/AndroidManifest.xml:19:9-42:20
	android:label
		ADDED from src/main/AndroidManifest.xml:22:13-45
	android:configChanges
		ADDED from src/main/AndroidManifest.xml:21:13-48
	android:uiOptions
		ADDED from src/main/AndroidManifest.xml:24:13-57
	android:theme
		ADDED from src/main/AndroidManifest.xml:23:13-60
	android:name
		ADDED from src/main/AndroidManifest.xml:20:13-54
intent-filter#android.intent.action.MAIN+android.intent.category.LAUNCHER
ADDED from src/main/AndroidManifest.xml:25:13-29:29
action#android.intent.action.MAIN
ADDED from src/main/AndroidManifest.xml:26:17-69
	android:name
		ADDED from src/main/AndroidManifest.xml:26:25-66
category#android.intent.category.LAUNCHER
ADDED from src/main/AndroidManifest.xml:28:17-77
	android:name
		ADDED from src/main/AndroidManifest.xml:28:27-74
intent-filter#android.intent.category.DEFAULT+net.appositedesigns.fileexplorer.action.OPEN_FOLDER
ADDED from src/main/AndroidManifest.xml:31:13-34:29
action#net.appositedesigns.fileexplorer.action.OPEN_FOLDER
ADDED from src/main/AndroidManifest.xml:32:17-94
	android:name
		ADDED from src/main/AndroidManifest.xml:32:25-91
category#android.intent.category.DEFAULT
ADDED from src/main/AndroidManifest.xml:33:17-76
	android:name
		ADDED from src/main/AndroidManifest.xml:33:27-73
intent-filter#android.intent.action.GET_CONTENT+android.intent.category.DEFAULT+android.intent.category.OPENABLE
ADDED from src/main/AndroidManifest.xml:36:13-41:29
	android:label
		ADDED from src/main/AndroidManifest.xml:36:28-61
action#android.intent.action.GET_CONTENT
ADDED from src/main/AndroidManifest.xml:37:17-76
	android:name
		ADDED from src/main/AndroidManifest.xml:37:25-73
data
ADDED from src/main/AndroidManifest.xml:38:17-47
	android:mimeType
		ADDED from src/main/AndroidManifest.xml:38:23-45
category#android.intent.category.OPENABLE
ADDED from src/main/AndroidManifest.xml:40:17-77
	android:name
		ADDED from src/main/AndroidManifest.xml:40:27-74
activity#net.appositedesigns.fileexplorer.activity.BookmarkListActivity
ADDED from src/main/AndroidManifest.xml:43:9-51:20
	android:label
		ADDED from src/main/AndroidManifest.xml:46:13-46
	android:icon
		ADDED from src/main/AndroidManifest.xml:44:13-51
	android:name
		ADDED from src/main/AndroidManifest.xml:45:13-58
intent-filter#android.intent.category.DEFAULT+net.appositedesigns.fileexplorer.action.OPEN_BOOKMARKS
ADDED from src/main/AndroidManifest.xml:47:14-50:29
action#net.appositedesigns.fileexplorer.action.OPEN_BOOKMARKS
ADDED from src/main/AndroidManifest.xml:48:17-97
	android:name
		ADDED from src/main/AndroidManifest.xml:48:25-94
activity#net.appositedesigns.fileexplorer.activity.SettingsActivity
ADDED from src/main/AndroidManifest.xml:52:9-55:20
	android:label
		ADDED from src/main/AndroidManifest.xml:54:13-45
	android:name
		ADDED from src/main/AndroidManifest.xml:53:13-54